2020-04-27 14:04:927 INFO  BrowserSelector :22 - Chrome Browser Selected
2020-04-27 14:04:355 INFO  BrowserSelector :22 - Chrome Browser Selected
2020-04-27 14:04:269 INFO  BrowserSelector :22 - Chrome Browser Selected
2020-04-27 14:04:391 INFO  HomePage :30 -  Enter email:Admin into the field [[ChromeDriver: chrome on WINDOWS (b1fe285c9abca7fd65e917e9da356721)] -> css selector: input#txtUsername]
2020-04-27 14:04:626 INFO  HomePage :36 -  Enter password:admin123 into the field [[ChromeDriver: chrome on WINDOWS (b1fe285c9abca7fd65e917e9da356721)] -> css selector: input#txtPassword]
2020-04-27 14:04:627 INFO  HomePage :42 -  Click on login button [[ChromeDriver: chrome on WINDOWS (b1fe285c9abca7fd65e917e9da356721)] -> css selector: input.button]
2020-04-27 14:04:602 INFO  AccountPage :25 -  Verify text: Welcome Admin is displayed [[ChromeDriver: chrome on WINDOWS (b1fe285c9abca7fd65e917e9da356721)] -> css selector: a.panelTrigger]
2020-04-27 14:04:704 INFO  BrowserSelector :22 - Chrome Browser Selected
2020-04-27 14:04:740 INFO  HomePage :30 -  Enter email:Admin into the field [[ChromeDriver: chrome on WINDOWS (06f439b6613f523df4e7790e0f82039f)] -> css selector: input#txtUsername]
2020-04-27 14:04:983 INFO  HomePage :36 -  Enter password:admin123 into the field [[ChromeDriver: chrome on WINDOWS (06f439b6613f523df4e7790e0f82039f)] -> css selector: input#txtPassword]
2020-04-27 14:04:846 INFO  HomePage :42 -  Click on login button [[ChromeDriver: chrome on WINDOWS (06f439b6613f523df4e7790e0f82039f)] -> css selector: input.button]
2020-04-27 14:04:988 INFO  AccountPage :31 -  Click on welcome admin button [[ChromeDriver: chrome on WINDOWS (06f439b6613f523df4e7790e0f82039f)] -> css selector: a.panelTrigger]
2020-04-27 14:04:977 INFO  AccountPage :37 -  Click on logout link Proxy element for: DefaultElementLocator 'By.xpath: //a[contains(text(),'Logout')]'
2020-04-27 14:04:233 INFO  HomePage :48 -  Verify text: LOGIN Panel is displayed [[ChromeDriver: chrome on WINDOWS (06f439b6613f523df4e7790e0f82039f)] -> css selector: div#logInPanelHeading]
2020-04-27 20:04:817 INFO  BrowserSelector :22 - Chrome Browser Selected
2020-04-27 20:04:623 INFO  HomePage :30 -  Enter email:Admin into the field [[ChromeDriver: chrome on WINDOWS (8ef05edf06415f4076fe4af9ee44a1ea)] -> css selector: input#txtUsername]
2020-04-27 20:04:33 INFO  HomePage :37 -  Enter password:admin123 into the field [[ChromeDriver: chrome on WINDOWS (8ef05edf06415f4076fe4af9ee44a1ea)] -> css selector: input#txtPassword]
2020-04-27 20:04:635 INFO  HomePage :44 -  Click on login button [[ChromeDriver: chrome on WINDOWS (8ef05edf06415f4076fe4af9ee44a1ea)] -> css selector: input.button]
2020-04-27 20:04:393 INFO  AccountPage :49 - Click on Pim button: [[ChromeDriver: chrome on WINDOWS (8ef05edf06415f4076fe4af9ee44a1ea)] -> xpath: //a[@id='menu_pim_viewPimModule']]
2020-04-27 20:04:727 INFO  PimPage :24 - Click on add employee button: [[ChromeDriver: chrome on WINDOWS (8ef05edf06415f4076fe4af9ee44a1ea)] -> xpath: //a[@id='menu_pim_addEmployee']]
2020-04-27 20:04:75 INFO  PimPage :40 - Verify text Add Employee text: [[ChromeDriver: chrome on WINDOWS (8ef05edf06415f4076fe4af9ee44a1ea)] -> link text: Add Employee]
2020-04-27 20:04:809 INFO  BrowserSelector :22 - Chrome Browser Selected
2020-04-27 20:04:685 INFO  HomePage :30 -  Enter email:Admin into the field [[ChromeDriver: chrome on WINDOWS (e531c57c2ea2b1ee78b410bb47859c92)] -> css selector: input#txtUsername]
2020-04-27 20:04:978 INFO  HomePage :37 -  Enter password:admin123 into the field [[ChromeDriver: chrome on WINDOWS (e531c57c2ea2b1ee78b410bb47859c92)] -> css selector: input#txtPassword]
2020-04-27 20:04:938 INFO  HomePage :44 -  Click on login button [[ChromeDriver: chrome on WINDOWS (e531c57c2ea2b1ee78b410bb47859c92)] -> css selector: input.button]
2020-04-27 20:04:573 INFO  AccountPage :49 - Click on Pim button: [[ChromeDriver: chrome on WINDOWS (e531c57c2ea2b1ee78b410bb47859c92)] -> xpath: //a[@id='menu_pim_viewPimModule']]
2020-04-27 20:04:427 INFO  PimPage :31 - Click on add employee button: [[ChromeDriver: chrome on WINDOWS (e531c57c2ea2b1ee78b410bb47859c92)] -> xpath: //a[@id='menu_pim_viewEmployeeList']]
2020-04-27 20:04:325 INFO  EmployeeListPage :37 - Enter employee name: Steven in the employeefield [[ChromeDriver: chrome on WINDOWS (e531c57c2ea2b1ee78b410bb47859c92)] -> id: empsearch_employee_name_empName]
2020-04-27 20:04:145 INFO  EmployeeListPage :44 - Click on search button[[ChromeDriver: chrome on WINDOWS (e531c57c2ea2b1ee78b410bb47859c92)] -> id: searchBtn]
2020-04-27 20:04:50 INFO  BrowserSelector :22 - Chrome Browser Selected
2020-04-27 20:04:150 INFO  HomePage :30 -  Enter email:Admin into the field [[ChromeDriver: chrome on WINDOWS (db75d12a8b7527cc18ad558ba3a52a8a)] -> css selector: input#txtUsername]
2020-04-27 20:04:418 INFO  HomePage :37 -  Enter password:admin123 into the field [[ChromeDriver: chrome on WINDOWS (db75d12a8b7527cc18ad558ba3a52a8a)] -> css selector: input#txtPassword]
2020-04-27 20:04:935 INFO  HomePage :44 -  Click on login button [[ChromeDriver: chrome on WINDOWS (db75d12a8b7527cc18ad558ba3a52a8a)] -> css selector: input.button]
2020-04-27 20:04:153 INFO  AccountPage :28 -  Verify text: Welcome Admin is displayed [[ChromeDriver: chrome on WINDOWS (db75d12a8b7527cc18ad558ba3a52a8a)] -> css selector: a.panelTrigger]
2020-04-27 20:04:546 INFO  BrowserSelector :22 - Chrome Browser Selected
2020-04-27 20:04:760 INFO  HomePage :30 -  Enter email:Admin into the field [[ChromeDriver: chrome on WINDOWS (3571334d4d649b694b9ec1fe62a009da)] -> css selector: input#txtUsername]
2020-04-27 20:04:144 INFO  HomePage :37 -  Enter password:admin123 into the field [[ChromeDriver: chrome on WINDOWS (3571334d4d649b694b9ec1fe62a009da)] -> css selector: input#txtPassword]
2020-04-27 20:04:00 INFO  HomePage :44 -  Click on login button [[ChromeDriver: chrome on WINDOWS (3571334d4d649b694b9ec1fe62a009da)] -> css selector: input.button]
2020-04-27 20:04:268 INFO  AccountPage :35 -  Click on welcome admin button [[ChromeDriver: chrome on WINDOWS (3571334d4d649b694b9ec1fe62a009da)] -> css selector: a.panelTrigger]
2020-04-27 20:04:181 INFO  AccountPage :42 -  Click on logout link Proxy element for: DefaultElementLocator 'By.xpath: //a[contains(text(),'Logout')]'
2020-04-27 20:04:440 INFO  HomePage :51 -  Verify text: LOGIN Panel is displayed [[ChromeDriver: chrome on WINDOWS (3571334d4d649b694b9ec1fe62a009da)] -> css selector: div#logInPanelHeading]
