2020-04-28 19:04:682 INFO  BrowserSelector :21 - Chrome Browser Selected
2020-04-28 19:04:306 INFO  HomePage :39 -  Click on account tab: [[ChromeDriver: chrome on WINDOWS (cde3f49d6853a290f1ba6fc359d2c6de)] -> id: header-account-menu]
2020-04-28 19:04:412 INFO  BrowserSelector :21 - Chrome Browser Selected
2020-04-28 19:04:363 INFO  HomePage :39 -  Click on account tab: [[ChromeDriver: chrome on WINDOWS (ffdb53d34b020db9d6530805aeee648f)] -> id: header-account-menu]
2020-04-28 19:04:02 INFO  AccountPage :23 -  Click on sign in button: [[ChromeDriver: chrome on WINDOWS (ffdb53d34b020db9d6530805aeee648f)] -> id: header-account-signin-button]
2020-04-28 19:04:119 INFO  SignInPage :33 -  Enter email:  to email field [[ChromeDriver: chrome on WINDOWS (ffdb53d34b020db9d6530805aeee648f)] -> id: gss-signin-email]
2020-04-28 19:04:706 INFO  SignInPage :39 -  Enter password:  to password field [[ChromeDriver: chrome on WINDOWS (ffdb53d34b020db9d6530805aeee648f)] -> id: gss-signin-password]
2020-04-28 19:04:70 INFO  SignInPage :45 -  Click on sign in tab: [[ChromeDriver: chrome on WINDOWS (ffdb53d34b020db9d6530805aeee648f)] -> id: gss-signin-submit]
2020-04-28 19:04:239 INFO  SignInPage :57 -  Verify error message: You may have entered an unknown email address or an incorrect password is displayed [[ChromeDriver: chrome on WINDOWS (ffdb53d34b020db9d6530805aeee648f)] -> id: gss-signin-incorrect-email-or-password]
2020-04-28 19:04:971 INFO  BrowserSelector :21 - Chrome Browser Selected
2020-04-28 19:04:973 INFO  HomePage :39 -  Click on account tab: [[ChromeDriver: chrome on WINDOWS (fd201630f4da74c6a3a2e78e35ed987c)] -> id: header-account-menu]
2020-04-28 19:04:165 INFO  AccountPage :35 -  Verify text: Sign in to see exclusive Member Pricing.  is displayed on account page [[ChromeDriver: chrome on WINDOWS (fd201630f4da74c6a3a2e78e35ed987c)] -> id: header-exclusive-deals]
2020-04-28 19:04:925 INFO  BrowserSelector :21 - Chrome Browser Selected
2020-04-28 19:04:200 INFO  HomePage :39 -  Click on account tab: [[ChromeDriver: chrome on WINDOWS (e4086706ec6bf237f15e7fcf72e15bc1)] -> id: header-account-menu]
2020-04-28 19:04:95 INFO  AccountPage :23 -  Click on sign in button: [[ChromeDriver: chrome on WINDOWS (e4086706ec6bf237f15e7fcf72e15bc1)] -> id: header-account-signin-button]
2020-04-28 19:04:686 INFO  SignInPage :33 -  Enter email: xyz13@gmail.com to email field [[ChromeDriver: chrome on WINDOWS (e4086706ec6bf237f15e7fcf72e15bc1)] -> id: gss-signin-email]
2020-04-28 19:04:130 INFO  SignInPage :39 -  Enter password: abc123 to password field [[ChromeDriver: chrome on WINDOWS (e4086706ec6bf237f15e7fcf72e15bc1)] -> id: gss-signin-password]
2020-04-28 19:04:786 INFO  SignInPage :45 -  Click on sign in tab: [[ChromeDriver: chrome on WINDOWS (e4086706ec6bf237f15e7fcf72e15bc1)] -> id: gss-signin-submit]
2020-04-28 19:04:52 INFO  SignInPage :57 -  Verify error message: You may have entered an unknown email address or an incorrect password is displayed [[ChromeDriver: chrome on WINDOWS (e4086706ec6bf237f15e7fcf72e15bc1)] -> id: gss-signin-incorrect-email-or-password]
2020-04-28 23:04:948 INFO  BrowserSelector :21 - Chrome Browser Selected
2020-04-28 23:04:670 INFO  HomePage :27 -  Click on flight tab: [[ChromeDriver: chrome on WINDOWS (75daa0bbf9343eef410d1440b614e02a)] -> id: tab-flight-tab-hp]
2020-04-28 23:04:391 INFO  BrowserSelector :21 - Chrome Browser Selected
2020-04-28 23:04:906 INFO  HomePage :27 -  Click on flight tab: [[ChromeDriver: chrome on WINDOWS (01fd40fec49c1e14e2fbea363bf97f44)] -> id: tab-flight-tab-hp]
2020-04-28 23:04:681 INFO  FlightSearchPage :48 -  Enter flying from: Dubai (DXB-All Airports) in the flying from field [[ChromeDriver: chrome on WINDOWS (01fd40fec49c1e14e2fbea363bf97f44)] -> id: flight-origin-hp-flight]
2020-04-28 23:04:66 INFO  FlightSearchPage :54 -  Enter going to: Delhi (DEL-Indira Gandhi Intl.) in the going to field [[ChromeDriver: chrome on WINDOWS (01fd40fec49c1e14e2fbea363bf97f44)] -> id: flight-destination-hp-flight]
2020-04-28 23:04:990 INFO  FlightSearchPage :60 -  Enter departure date: 08/07/2020 in the departure field [[ChromeDriver: chrome on WINDOWS (01fd40fec49c1e14e2fbea363bf97f44)] -> id: flight-departing-hp-flight]
2020-04-28 23:04:730 INFO  FlightSearchPage :70 -  Enter returning date 09/08/2020 in the returning date field [[ChromeDriver: chrome on WINDOWS (01fd40fec49c1e14e2fbea363bf97f44)] -> id: flight-returning-hp-flight]
2020-04-28 23:04:402 INFO  FlightSearchPage :76 - Click on travellers field [[ChromeDriver: chrome on WINDOWS (01fd40fec49c1e14e2fbea363bf97f44)] -> xpath: //div[@id='traveler-selector-hp-flight']//li/button]
2020-04-28 23:04:417 INFO  BrowserSelector :21 - Chrome Browser Selected
2020-04-28 23:04:62 INFO  HomePage :27 -  Click on flight tab: [[ChromeDriver: chrome on WINDOWS (ec8ff25816c8939434584ec0b1212f7c)] -> id: tab-flight-tab-hp]
2020-04-28 23:04:845 INFO  FlightSearchPage :48 -  Enter flying from: London (LON-All Airports) in the flying from field [[ChromeDriver: chrome on WINDOWS (ec8ff25816c8939434584ec0b1212f7c)] -> id: flight-origin-hp-flight]
2020-04-28 23:04:578 INFO  FlightSearchPage :54 -  Enter going to: Sydney (SYD-All Airports) in the going to field [[ChromeDriver: chrome on WINDOWS (ec8ff25816c8939434584ec0b1212f7c)] -> id: flight-destination-hp-flight]
2020-04-28 23:04:427 INFO  FlightSearchPage :60 -  Enter departure date: 28/11/2020 in the departure field [[ChromeDriver: chrome on WINDOWS (ec8ff25816c8939434584ec0b1212f7c)] -> id: flight-departing-hp-flight]
2020-04-28 23:04:921 INFO  FlightSearchPage :70 -  Enter returning date 05/01/2021 in the returning date field [[ChromeDriver: chrome on WINDOWS (ec8ff25816c8939434584ec0b1212f7c)] -> id: flight-returning-hp-flight]
2020-04-28 23:04:257 INFO  FlightSearchPage :76 - Click on travellers field [[ChromeDriver: chrome on WINDOWS (ec8ff25816c8939434584ec0b1212f7c)] -> xpath: //div[@id='traveler-selector-hp-flight']//li/button]
2020-04-28 23:04:721 INFO  BrowserSelector :21 - Chrome Browser Selected
2020-04-28 23:04:500 INFO  HomePage :27 -  Click on flight tab: [[ChromeDriver: chrome on WINDOWS (a1d4130556ed87fd182f263d93e05d71)] -> id: tab-flight-tab-hp]
2020-04-28 23:04:894 INFO  FlightSearchPage :48 -  Enter flying from: Mumbai (BOM-Chhatrapati Shivaji Intl.) in the flying from field [[ChromeDriver: chrome on WINDOWS (a1d4130556ed87fd182f263d93e05d71)] -> id: flight-origin-hp-flight]
2020-04-28 23:04:24 INFO  FlightSearchPage :54 -  Enter going to: Singapore (SIN-All Airports) in the going to field [[ChromeDriver: chrome on WINDOWS (a1d4130556ed87fd182f263d93e05d71)] -> id: flight-destination-hp-flight]
2020-04-28 23:04:125 INFO  FlightSearchPage :60 -  Enter departure date: 27/05/2020 in the departure field [[ChromeDriver: chrome on WINDOWS (a1d4130556ed87fd182f263d93e05d71)] -> id: flight-departing-hp-flight]
2020-04-28 23:04:570 INFO  FlightSearchPage :70 -  Enter returning date 05/06/2020 in the returning date field [[ChromeDriver: chrome on WINDOWS (a1d4130556ed87fd182f263d93e05d71)] -> id: flight-returning-hp-flight]
2020-04-28 23:04:36 INFO  FlightSearchPage :76 - Click on travellers field [[ChromeDriver: chrome on WINDOWS (a1d4130556ed87fd182f263d93e05d71)] -> xpath: //div[@id='traveler-selector-hp-flight']//li/button]
2020-04-28 23:04:826 INFO  BrowserSelector :21 - Chrome Browser Selected
2020-04-28 23:04:768 INFO  HomePage :27 -  Click on flight tab: [[ChromeDriver: chrome on WINDOWS (c96bc65ac116d4a1c549793a8326d33c)] -> id: tab-flight-tab-hp]
2020-04-28 23:04:35 INFO  FlightSearchPage :48 -  Enter flying from: London (LON-All Airports) in the flying from field [[ChromeDriver: chrome on WINDOWS (c96bc65ac116d4a1c549793a8326d33c)] -> id: flight-origin-hp-flight]
2020-04-28 23:04:358 INFO  FlightSearchPage :54 -  Enter going to: Cape Town (CPT-Cape Town Intl.) in the going to field [[ChromeDriver: chrome on WINDOWS (c96bc65ac116d4a1c549793a8326d33c)] -> id: flight-destination-hp-flight]
2020-04-28 23:04:893 INFO  FlightSearchPage :60 -  Enter departure date: 15/01/2021 in the departure field [[ChromeDriver: chrome on WINDOWS (c96bc65ac116d4a1c549793a8326d33c)] -> id: flight-departing-hp-flight]
2020-04-28 23:04:110 INFO  FlightSearchPage :70 -  Enter returning date 22/02/2021 in the returning date field [[ChromeDriver: chrome on WINDOWS (c96bc65ac116d4a1c549793a8326d33c)] -> id: flight-returning-hp-flight]
2020-04-28 23:04:474 INFO  FlightSearchPage :76 - Click on travellers field [[ChromeDriver: chrome on WINDOWS (c96bc65ac116d4a1c549793a8326d33c)] -> xpath: //div[@id='traveler-selector-hp-flight']//li/button]
2020-04-28 23:04:687 INFO  BrowserSelector :21 - Chrome Browser Selected
2020-04-28 23:04:849 INFO  HomePage :27 -  Click on flight tab: [[ChromeDriver: chrome on WINDOWS (ecd54646f53db76a7fd10f4ca29bd25e)] -> id: tab-flight-tab-hp]
2020-04-28 23:04:687 INFO  FlightSearchPage :48 -  Enter flying from: San Francisco, CA (SFO-San Francisco Intl.) in the flying from field [[ChromeDriver: chrome on WINDOWS (ecd54646f53db76a7fd10f4ca29bd25e)] -> id: flight-origin-hp-flight]
2020-04-28 23:04:799 INFO  FlightSearchPage :54 -  Enter going to: New York (NYC-All Airports) in the going to field [[ChromeDriver: chrome on WINDOWS (ecd54646f53db76a7fd10f4ca29bd25e)] -> id: flight-destination-hp-flight]
2020-04-28 23:04:10 INFO  FlightSearchPage :60 -  Enter departure date: 15/08/2020 in the departure field [[ChromeDriver: chrome on WINDOWS (ecd54646f53db76a7fd10f4ca29bd25e)] -> id: flight-departing-hp-flight]
2020-04-28 23:04:234 INFO  FlightSearchPage :70 -  Enter returning date 27/09/2020 in the returning date field [[ChromeDriver: chrome on WINDOWS (ecd54646f53db76a7fd10f4ca29bd25e)] -> id: flight-returning-hp-flight]
2020-04-28 23:04:646 INFO  FlightSearchPage :76 - Click on travellers field [[ChromeDriver: chrome on WINDOWS (ecd54646f53db76a7fd10f4ca29bd25e)] -> xpath: //div[@id='traveler-selector-hp-flight']//li/button]
2020-04-29 00:04:336 INFO  BrowserSelector :21 - Chrome Browser Selected
2020-04-29 00:04:562 INFO  HomePage :34 -  Click on flight hotel and car tab: [[ChromeDriver: chrome on WINDOWS (34a3f89b5ef474c98118f477ecc4a8b8)] -> id: primary-header-flight]
2020-04-29 00:04:706 INFO  FlightSearchPage :107 -  Verify text: Search Flights is displayed on search flights page [[ChromeDriver: chrome on WINDOWS (34a3f89b5ef474c98118f477ecc4a8b8)] -> css selector: h1.wizard-tabs]
2020-04-29 00:04:105 INFO  BrowserSelector :21 - Chrome Browser Selected
2020-04-29 00:04:729 INFO  HomePage :28 -  Click on flight tab: [[ChromeDriver: chrome on WINDOWS (a3e80750421da2cf77470935719abc04)] -> id: tab-flight-tab-hp]
2020-04-29 00:04:455 INFO  FlightSearchPage :48 -  Enter flying from: Dubai (DXB-All Airports) in the flying from field [[ChromeDriver: chrome on WINDOWS (a3e80750421da2cf77470935719abc04)] -> id: flight-origin-hp-flight]
2020-04-29 00:04:205 INFO  FlightSearchPage :54 -  Enter going to: Delhi (DEL-Indira Gandhi Intl.) in the going to field [[ChromeDriver: chrome on WINDOWS (a3e80750421da2cf77470935719abc04)] -> id: flight-destination-hp-flight]
2020-04-29 00:04:864 INFO  FlightSearchPage :60 -  Enter departure date: 08/07/2020 in the departure field [[ChromeDriver: chrome on WINDOWS (a3e80750421da2cf77470935719abc04)] -> id: flight-departing-hp-flight]
2020-04-29 00:04:453 INFO  FlightSearchPage :70 -  Enter returning date 09/08/2020 in the returning date field [[ChromeDriver: chrome on WINDOWS (a3e80750421da2cf77470935719abc04)] -> id: flight-returning-hp-flight]
2020-04-29 00:04:122 INFO  FlightSearchPage :76 - Click on travellers field [[ChromeDriver: chrome on WINDOWS (a3e80750421da2cf77470935719abc04)] -> xpath: //div[@id='traveler-selector-hp-flight']//li/button]
2020-04-29 00:04:73 INFO  BrowserSelector :21 - Chrome Browser Selected
2020-04-29 00:04:808 INFO  HomePage :34 -  Click on flight hotel and car tab: [[ChromeDriver: chrome on WINDOWS (60fc1ef2a7dc565f8d95800ada109d41)] -> id: primary-header-flight]
2020-04-29 00:04:271 INFO  FlightSearchPage :107 -  Verify text: Search Flights is displayed on search flights page [[ChromeDriver: chrome on WINDOWS (60fc1ef2a7dc565f8d95800ada109d41)] -> css selector: h1.wizard-tabs]
2020-04-29 00:04:676 INFO  BrowserSelector :21 - Chrome Browser Selected
2020-04-29 00:04:279 INFO  HomePage :28 -  Click on flight tab: [[ChromeDriver: chrome on WINDOWS (c38845add4d6c9726bee0442104d037f)] -> id: tab-flight-tab-hp]
2020-04-29 00:04:276 INFO  FlightSearchPage :48 -  Enter flying from: Dubai (DXB-All Airports) in the flying from field [[ChromeDriver: chrome on WINDOWS (c38845add4d6c9726bee0442104d037f)] -> id: flight-origin-hp-flight]
2020-04-29 00:04:707 INFO  FlightSearchPage :54 -  Enter going to: Delhi (DEL-Indira Gandhi Intl.) in the going to field [[ChromeDriver: chrome on WINDOWS (c38845add4d6c9726bee0442104d037f)] -> id: flight-destination-hp-flight]
2020-04-29 00:04:279 INFO  FlightSearchPage :60 -  Enter departure date: 08/07/2020 in the departure field [[ChromeDriver: chrome on WINDOWS (c38845add4d6c9726bee0442104d037f)] -> id: flight-departing-hp-flight]
2020-04-29 00:04:176 INFO  FlightSearchPage :70 -  Enter returning date 09/08/2020 in the returning date field [[ChromeDriver: chrome on WINDOWS (c38845add4d6c9726bee0442104d037f)] -> id: flight-returning-hp-flight]
2020-04-29 00:04:395 INFO  FlightSearchPage :76 - Click on travellers field [[ChromeDriver: chrome on WINDOWS (c38845add4d6c9726bee0442104d037f)] -> xpath: //div[@id='traveler-selector-hp-flight']//li/button]
2020-04-29 00:04:629 INFO  FlightSearchPage :82 - Add adult traveller: [[ChromeDriver: chrome on WINDOWS (c38845add4d6c9726bee0442104d037f)] -> xpath: //body/meso-native-marquee/section/div/div/div/section/div/div/div/section/form/fieldset/div/div/div/div/ul/li/div/div/div/div/div[4]/button[1]/span[1]//*[local-name()='svg']]
2020-04-29 00:04:961 INFO  FlightSearchPage :88 - Click on add children travellers: [[ChromeDriver: chrome on WINDOWS (c38845add4d6c9726bee0442104d037f)] -> xpath: //fieldset//div[2]//div[1]//div[4]//button[1]//span[1]//*[local-name()='svg']]
2020-04-29 00:04:200 INFO  FlightSearchPage :94 - Select childrens age: [[ChromeDriver: chrome on WINDOWS (c38845add4d6c9726bee0442104d037f)] -> css selector: select[class$='gcw-child-age-1-1-sa']]
2020-04-29 00:04:634 INFO  FlightSearchPage :101 -  Click on search button Proxy element for: DefaultElementLocator 'By.xpath: //form[@id='gcw-flights-form-hp-flight']//div//label//button'
2020-04-29 00:04:87 INFO  SearchResultPage :20 -  Verify destination diplayed: Select your departure to Delhi on the search page [[ChromeDriver: chrome on WINDOWS (c38845add4d6c9726bee0442104d037f)] -> xpath: //header[@id='titleBar']//span[@class='title-city-text']]
2020-04-29 00:04:479 INFO  BrowserSelector :21 - Chrome Browser Selected
2020-04-29 00:04:387 INFO  HomePage :34 -  Click on flight hotel and car tab: [[ChromeDriver: chrome on WINDOWS (31eccc209d11cf2f3880434ff78f9820)] -> id: primary-header-flight]
2020-04-29 00:04:488 INFO  FlightSearchPage :107 -  Verify text: Search Flights is displayed on search flights page [[ChromeDriver: chrome on WINDOWS (31eccc209d11cf2f3880434ff78f9820)] -> css selector: h1.wizard-tabs]
2020-04-29 00:04:726 INFO  BrowserSelector :21 - Chrome Browser Selected
2020-04-29 00:04:646 INFO  HomePage :28 -  Click on flight tab: [[ChromeDriver: chrome on WINDOWS (37aa18893d4392966cc7419233ce6c13)] -> id: tab-flight-tab-hp]
2020-04-29 00:04:634 INFO  FlightSearchPage :48 -  Enter flying from: Dubai (DXB-All Airports) in the flying from field [[ChromeDriver: chrome on WINDOWS (37aa18893d4392966cc7419233ce6c13)] -> id: flight-origin-hp-flight]
2020-04-29 00:04:181 INFO  FlightSearchPage :54 -  Enter going to: Delhi (DEL-Indira Gandhi Intl.) in the going to field [[ChromeDriver: chrome on WINDOWS (37aa18893d4392966cc7419233ce6c13)] -> id: flight-destination-hp-flight]
2020-04-29 00:04:301 INFO  FlightSearchPage :60 -  Enter departure date: 08/07/2020 in the departure field [[ChromeDriver: chrome on WINDOWS (37aa18893d4392966cc7419233ce6c13)] -> id: flight-departing-hp-flight]
2020-04-29 00:04:681 INFO  FlightSearchPage :70 -  Enter returning date 09/08/2020 in the returning date field [[ChromeDriver: chrome on WINDOWS (37aa18893d4392966cc7419233ce6c13)] -> id: flight-returning-hp-flight]
2020-04-29 00:04:689 INFO  FlightSearchPage :76 - Click on travellers field [[ChromeDriver: chrome on WINDOWS (37aa18893d4392966cc7419233ce6c13)] -> xpath: //div[@id='traveler-selector-hp-flight']//li/button]
2020-04-29 00:04:469 INFO  FlightSearchPage :82 - Add adult traveller: [[ChromeDriver: chrome on WINDOWS (37aa18893d4392966cc7419233ce6c13)] -> xpath: //body/meso-native-marquee/section/div/div/div/section/div/div/div/section/form/fieldset/div/div/div/div/ul/li/div/div/div/div/div[4]/button[1]/span[1]//*[local-name()='svg']]
2020-04-29 00:04:784 INFO  FlightSearchPage :88 - Click on add children travellers: [[ChromeDriver: chrome on WINDOWS (37aa18893d4392966cc7419233ce6c13)] -> xpath: //fieldset//div[2]//div[1]//div[4]//button[1]//span[1]//*[local-name()='svg']]
2020-04-29 00:04:986 INFO  FlightSearchPage :94 - Select childrens age: [[ChromeDriver: chrome on WINDOWS (37aa18893d4392966cc7419233ce6c13)] -> css selector: select[class$='gcw-child-age-1-1-sa']]
2020-04-29 00:04:642 INFO  FlightSearchPage :101 -  Click on search button Proxy element for: DefaultElementLocator 'By.xpath: //form[@id='gcw-flights-form-hp-flight']//div//label//button'
2020-04-29 00:04:820 INFO  SearchResultPage :20 -  Verify destination diplayed: Select your departure to Delhi on the search page [[ChromeDriver: chrome on WINDOWS (37aa18893d4392966cc7419233ce6c13)] -> xpath: //header[@id='titleBar']//span[@class='title-city-text']]
2020-04-29 00:04:451 INFO  BrowserSelector :21 - Chrome Browser Selected
2020-04-29 00:04:510 INFO  HomePage :28 -  Click on flight tab: [[ChromeDriver: chrome on WINDOWS (acb402208d7244c4cf50bcf609729a24)] -> id: tab-flight-tab-hp]
2020-04-29 00:04:948 INFO  FlightSearchPage :48 -  Enter flying from: London (LON-All Airports) in the flying from field [[ChromeDriver: chrome on WINDOWS (acb402208d7244c4cf50bcf609729a24)] -> id: flight-origin-hp-flight]
2020-04-29 00:04:235 INFO  FlightSearchPage :54 -  Enter going to: Sydney (SYD-All Airports) in the going to field [[ChromeDriver: chrome on WINDOWS (acb402208d7244c4cf50bcf609729a24)] -> id: flight-destination-hp-flight]
2020-04-29 00:04:795 INFO  FlightSearchPage :60 -  Enter departure date: 28/11/2020 in the departure field [[ChromeDriver: chrome on WINDOWS (acb402208d7244c4cf50bcf609729a24)] -> id: flight-departing-hp-flight]
2020-04-29 00:04:417 INFO  FlightSearchPage :70 -  Enter returning date 05/01/2021 in the returning date field [[ChromeDriver: chrome on WINDOWS (acb402208d7244c4cf50bcf609729a24)] -> id: flight-returning-hp-flight]
2020-04-29 00:04:758 INFO  BrowserSelector :21 - Chrome Browser Selected
2020-04-29 00:04:221 INFO  HomePage :28 -  Click on flight tab: [[ChromeDriver: chrome on WINDOWS (243cdfb4c62559dbcc74a5fd91f621c9)] -> id: tab-flight-tab-hp]
2020-04-29 00:04:177 INFO  FlightSearchPage :48 -  Enter flying from: Mumbai (BOM-Chhatrapati Shivaji Intl.) in the flying from field [[ChromeDriver: chrome on WINDOWS (243cdfb4c62559dbcc74a5fd91f621c9)] -> id: flight-origin-hp-flight]
2020-04-29 00:04:403 INFO  FlightSearchPage :54 -  Enter going to: Singapore (SIN-All Airports) in the going to field [[ChromeDriver: chrome on WINDOWS (243cdfb4c62559dbcc74a5fd91f621c9)] -> id: flight-destination-hp-flight]
2020-04-29 00:04:928 INFO  FlightSearchPage :60 -  Enter departure date: 27/05/2020 in the departure field [[ChromeDriver: chrome on WINDOWS (243cdfb4c62559dbcc74a5fd91f621c9)] -> id: flight-departing-hp-flight]
2020-04-29 00:04:350 INFO  FlightSearchPage :70 -  Enter returning date 05/06/2020 in the returning date field [[ChromeDriver: chrome on WINDOWS (243cdfb4c62559dbcc74a5fd91f621c9)] -> id: flight-returning-hp-flight]
2020-04-29 00:04:137 INFO  FlightSearchPage :76 - Click on travellers field [[ChromeDriver: chrome on WINDOWS (243cdfb4c62559dbcc74a5fd91f621c9)] -> xpath: //div[@id='traveler-selector-hp-flight']//li/button]
2020-04-29 00:04:667 INFO  FlightSearchPage :82 - Add adult traveller: [[ChromeDriver: chrome on WINDOWS (243cdfb4c62559dbcc74a5fd91f621c9)] -> xpath: //body/meso-native-marquee/section/div/div/div/section/div/div/div/section/form/fieldset/div/div/div/div/ul/li/div/div/div/div/div[4]/button[1]/span[1]//*[local-name()='svg']]
2020-04-29 00:04:17 INFO  FlightSearchPage :88 - Click on add children travellers: [[ChromeDriver: chrome on WINDOWS (243cdfb4c62559dbcc74a5fd91f621c9)] -> xpath: //fieldset//div[2]//div[1]//div[4]//button[1]//span[1]//*[local-name()='svg']]
2020-04-29 00:04:257 INFO  FlightSearchPage :94 - Select childrens age: [[ChromeDriver: chrome on WINDOWS (243cdfb4c62559dbcc74a5fd91f621c9)] -> css selector: select[class$='gcw-child-age-1-1-sa']]
2020-04-29 00:04:939 INFO  FlightSearchPage :101 -  Click on search button Proxy element for: DefaultElementLocator 'By.xpath: //form[@id='gcw-flights-form-hp-flight']//div//label//button'
2020-04-29 00:04:75 INFO  SearchResultPage :20 -  Verify destination diplayed: Select your departure to Singapore on the search page [[ChromeDriver: chrome on WINDOWS (243cdfb4c62559dbcc74a5fd91f621c9)] -> xpath: //header[@id='titleBar']//span[@class='title-city-text']]
2020-04-29 00:04:910 INFO  BrowserSelector :21 - Chrome Browser Selected
2020-04-29 00:04:578 INFO  HomePage :28 -  Click on flight tab: [[ChromeDriver: chrome on WINDOWS (5c7d3677efa9b1857769be78e329b9e4)] -> id: tab-flight-tab-hp]
2020-04-29 00:04:191 INFO  FlightSearchPage :48 -  Enter flying from: London (LON-All Airports) in the flying from field [[ChromeDriver: chrome on WINDOWS (5c7d3677efa9b1857769be78e329b9e4)] -> id: flight-origin-hp-flight]
2020-04-29 00:04:585 INFO  FlightSearchPage :54 -  Enter going to: Cape Town (CPT-Cape Town Intl.) in the going to field [[ChromeDriver: chrome on WINDOWS (5c7d3677efa9b1857769be78e329b9e4)] -> id: flight-destination-hp-flight]
2020-04-29 00:04:156 INFO  FlightSearchPage :60 -  Enter departure date: 15/01/2021 in the departure field [[ChromeDriver: chrome on WINDOWS (5c7d3677efa9b1857769be78e329b9e4)] -> id: flight-departing-hp-flight]
2020-04-29 00:04:900 INFO  FlightSearchPage :70 -  Enter returning date 22/02/2021 in the returning date field [[ChromeDriver: chrome on WINDOWS (5c7d3677efa9b1857769be78e329b9e4)] -> id: flight-returning-hp-flight]
2020-04-29 00:04:139 INFO  FlightSearchPage :76 - Click on travellers field [[ChromeDriver: chrome on WINDOWS (5c7d3677efa9b1857769be78e329b9e4)] -> xpath: //div[@id='traveler-selector-hp-flight']//li/button]
2020-04-29 00:04:374 INFO  FlightSearchPage :82 - Add adult traveller: [[ChromeDriver: chrome on WINDOWS (5c7d3677efa9b1857769be78e329b9e4)] -> xpath: //body/meso-native-marquee/section/div/div/div/section/div/div/div/section/form/fieldset/div/div/div/div/ul/li/div/div/div/div/div[4]/button[1]/span[1]//*[local-name()='svg']]
2020-04-29 00:04:714 INFO  FlightSearchPage :88 - Click on add children travellers: [[ChromeDriver: chrome on WINDOWS (5c7d3677efa9b1857769be78e329b9e4)] -> xpath: //fieldset//div[2]//div[1]//div[4]//button[1]//span[1]//*[local-name()='svg']]
2020-04-29 00:04:905 INFO  FlightSearchPage :94 - Select childrens age: [[ChromeDriver: chrome on WINDOWS (5c7d3677efa9b1857769be78e329b9e4)] -> css selector: select[class$='gcw-child-age-1-1-sa']]
2020-04-29 00:04:102 INFO  FlightSearchPage :101 -  Click on search button Proxy element for: DefaultElementLocator 'By.xpath: //form[@id='gcw-flights-form-hp-flight']//div//label//button'
2020-04-29 00:04:645 INFO  BrowserSelector :21 - Chrome Browser Selected
2020-04-29 00:04:348 INFO  HomePage :28 -  Click on flight tab: [[ChromeDriver: chrome on WINDOWS (9b84a48f4d35fe145282f0d30c0d498a)] -> id: tab-flight-tab-hp]
2020-04-29 00:04:128 INFO  FlightSearchPage :48 -  Enter flying from: San Francisco, CA (SFO-San Francisco Intl.) in the flying from field [[ChromeDriver: chrome on WINDOWS (9b84a48f4d35fe145282f0d30c0d498a)] -> id: flight-origin-hp-flight]
2020-04-29 00:04:663 INFO  FlightSearchPage :54 -  Enter going to: New York (NYC-All Airports) in the going to field [[ChromeDriver: chrome on WINDOWS (9b84a48f4d35fe145282f0d30c0d498a)] -> id: flight-destination-hp-flight]
2020-04-29 00:04:324 INFO  FlightSearchPage :60 -  Enter departure date: 15/08/2020 in the departure field [[ChromeDriver: chrome on WINDOWS (9b84a48f4d35fe145282f0d30c0d498a)] -> id: flight-departing-hp-flight]
2020-04-29 00:04:957 INFO  FlightSearchPage :70 -  Enter returning date 27/09/2020 in the returning date field [[ChromeDriver: chrome on WINDOWS (9b84a48f4d35fe145282f0d30c0d498a)] -> id: flight-returning-hp-flight]
2020-04-29 00:04:673 INFO  BrowserSelector :21 - Chrome Browser Selected
2020-04-29 00:04:563 INFO  HomePage :40 -  Click on account tab: [[ChromeDriver: chrome on WINDOWS (cbb44ad6b97e49eb81af145fd04eeb28)] -> id: header-account-menu]
2020-04-29 00:04:415 INFO  AccountPage :35 -  Verify text: Sign in to see exclusive Member Pricing.  is displayed on account page [[ChromeDriver: chrome on WINDOWS (cbb44ad6b97e49eb81af145fd04eeb28)] -> id: header-exclusive-deals]
2020-04-29 00:04:969 INFO  BrowserSelector :21 - Chrome Browser Selected
2020-04-29 00:04:924 INFO  HomePage :40 -  Click on account tab: [[ChromeDriver: chrome on WINDOWS (224e6e9f5e8a928b755c6291aa92322b)] -> id: header-account-menu]
2020-04-29 00:04:476 INFO  AccountPage :23 -  Click on sign in button: [[ChromeDriver: chrome on WINDOWS (224e6e9f5e8a928b755c6291aa92322b)] -> id: header-account-signin-button]
2020-04-29 00:04:658 INFO  SignInPage :33 -  Enter email: xyz13@gmail.com to email field [[ChromeDriver: chrome on WINDOWS (224e6e9f5e8a928b755c6291aa92322b)] -> id: gss-signin-email]
2020-04-29 00:04:148 INFO  SignInPage :39 -  Enter password: abc123 to password field [[ChromeDriver: chrome on WINDOWS (224e6e9f5e8a928b755c6291aa92322b)] -> id: gss-signin-password]
2020-04-29 00:04:398 INFO  SignInPage :45 -  Click on sign in tab: [[ChromeDriver: chrome on WINDOWS (224e6e9f5e8a928b755c6291aa92322b)] -> id: gss-signin-submit]
2020-04-29 00:04:689 INFO  SignInPage :57 -  Verify error message: You may have entered an unknown email address or an incorrect password is displayed [[ChromeDriver: chrome on WINDOWS (224e6e9f5e8a928b755c6291aa92322b)] -> id: gss-signin-incorrect-email-or-password]
2020-04-29 00:04:147 INFO  BrowserSelector :21 - Chrome Browser Selected
2020-04-29 00:04:496 INFO  HomePage :34 -  Click on flight hotel and car tab: [[ChromeDriver: chrome on WINDOWS (0ef80fc14245a797d9fb0be8367ca82b)] -> id: primary-header-flight]
2020-04-29 00:04:616 INFO  FlightSearchPage :107 -  Verify text: Search Flights is displayed on search flights page [[ChromeDriver: chrome on WINDOWS (0ef80fc14245a797d9fb0be8367ca82b)] -> css selector: h1.wizard-tabs]
2020-04-29 00:04:710 INFO  BrowserSelector :21 - Chrome Browser Selected
2020-04-29 00:04:879 INFO  HomePage :28 -  Click on flight tab: [[ChromeDriver: chrome on WINDOWS (a2b8da92fd2c94d0873b182396805598)] -> id: tab-flight-tab-hp]
2020-04-29 00:04:746 INFO  FlightSearchPage :48 -  Enter flying from: Dubai (DXB-All Airports) in the flying from field [[ChromeDriver: chrome on WINDOWS (a2b8da92fd2c94d0873b182396805598)] -> id: flight-origin-hp-flight]
2020-04-29 00:04:74 INFO  FlightSearchPage :54 -  Enter going to: Delhi (DEL-Indira Gandhi Intl.) in the going to field [[ChromeDriver: chrome on WINDOWS (a2b8da92fd2c94d0873b182396805598)] -> id: flight-destination-hp-flight]
2020-04-29 00:04:907 INFO  FlightSearchPage :60 -  Enter departure date: 08/07/2020 in the departure field [[ChromeDriver: chrome on WINDOWS (a2b8da92fd2c94d0873b182396805598)] -> id: flight-departing-hp-flight]
2020-04-29 00:04:602 INFO  FlightSearchPage :70 -  Enter returning date 09/08/2020 in the returning date field [[ChromeDriver: chrome on WINDOWS (a2b8da92fd2c94d0873b182396805598)] -> id: flight-returning-hp-flight]
2020-04-29 00:04:850 INFO  FlightSearchPage :76 - Click on travellers field [[ChromeDriver: chrome on WINDOWS (a2b8da92fd2c94d0873b182396805598)] -> xpath: //div[@id='traveler-selector-hp-flight']//li/button]
2020-04-29 00:04:119 INFO  FlightSearchPage :82 - Add adult traveller: [[ChromeDriver: chrome on WINDOWS (a2b8da92fd2c94d0873b182396805598)] -> xpath: //body/meso-native-marquee/section/div/div/div/section/div/div/div/section/form/fieldset/div/div/div/div/ul/li/div/div/div/div/div[4]/button[1]/span[1]//*[local-name()='svg']]
2020-04-29 00:04:404 INFO  FlightSearchPage :88 - Click on add children travellers: [[ChromeDriver: chrome on WINDOWS (a2b8da92fd2c94d0873b182396805598)] -> xpath: //fieldset//div[2]//div[1]//div[4]//button[1]//span[1]//*[local-name()='svg']]
2020-04-29 00:04:627 INFO  FlightSearchPage :94 - Select childrens age: [[ChromeDriver: chrome on WINDOWS (a2b8da92fd2c94d0873b182396805598)] -> css selector: select[class$='gcw-child-age-1-1-sa']]
2020-04-29 00:04:180 INFO  FlightSearchPage :101 -  Click on search button Proxy element for: DefaultElementLocator 'By.xpath: //form[@id='gcw-flights-form-hp-flight']//div//label//button'
2020-04-29 00:04:425 INFO  SearchResultPage :20 -  Verify destination diplayed: Select your departure to Delhi on the search page [[ChromeDriver: chrome on WINDOWS (a2b8da92fd2c94d0873b182396805598)] -> xpath: //header[@id='titleBar']//span[@class='title-city-text']]
2020-04-29 00:04:582 INFO  BrowserSelector :21 - Chrome Browser Selected
2020-04-29 00:04:997 INFO  HomePage :28 -  Click on flight tab: [[ChromeDriver: chrome on WINDOWS (735d6a4999da11d141d75a8be135ce5e)] -> id: tab-flight-tab-hp]
2020-04-29 00:04:131 INFO  FlightSearchPage :48 -  Enter flying from: London (LON-All Airports) in the flying from field [[ChromeDriver: chrome on WINDOWS (735d6a4999da11d141d75a8be135ce5e)] -> id: flight-origin-hp-flight]
2020-04-29 00:04:450 INFO  FlightSearchPage :54 -  Enter going to: Sydney (SYD-All Airports) in the going to field [[ChromeDriver: chrome on WINDOWS (735d6a4999da11d141d75a8be135ce5e)] -> id: flight-destination-hp-flight]
2020-04-29 00:04:918 INFO  FlightSearchPage :60 -  Enter departure date: 28/11/2020 in the departure field [[ChromeDriver: chrome on WINDOWS (735d6a4999da11d141d75a8be135ce5e)] -> id: flight-departing-hp-flight]
2020-04-29 00:04:390 INFO  FlightSearchPage :70 -  Enter returning date 05/01/2021 in the returning date field [[ChromeDriver: chrome on WINDOWS (735d6a4999da11d141d75a8be135ce5e)] -> id: flight-returning-hp-flight]
2020-04-29 00:04:626 INFO  FlightSearchPage :76 - Click on travellers field [[ChromeDriver: chrome on WINDOWS (735d6a4999da11d141d75a8be135ce5e)] -> xpath: //div[@id='traveler-selector-hp-flight']//li/button]
2020-04-29 00:04:868 INFO  FlightSearchPage :82 - Add adult traveller: [[ChromeDriver: chrome on WINDOWS (735d6a4999da11d141d75a8be135ce5e)] -> xpath: //body/meso-native-marquee/section/div/div/div/section/div/div/div/section/form/fieldset/div/div/div/div/ul/li/div/div/div/div/div[4]/button[1]/span[1]//*[local-name()='svg']]
2020-04-29 00:04:134 INFO  FlightSearchPage :88 - Click on add children travellers: [[ChromeDriver: chrome on WINDOWS (735d6a4999da11d141d75a8be135ce5e)] -> xpath: //fieldset//div[2]//div[1]//div[4]//button[1]//span[1]//*[local-name()='svg']]
2020-04-29 00:04:354 INFO  FlightSearchPage :94 - Select childrens age: [[ChromeDriver: chrome on WINDOWS (735d6a4999da11d141d75a8be135ce5e)] -> css selector: select[class$='gcw-child-age-1-1-sa']]
2020-04-29 00:04:859 INFO  FlightSearchPage :101 -  Click on search button [[ChromeDriver: chrome on WINDOWS (735d6a4999da11d141d75a8be135ce5e)] -> xpath: //form[@id='gcw-flights-form-hp-flight']//div//label//button]
2020-04-29 00:04:828 INFO  BrowserSelector :21 - Chrome Browser Selected
2020-04-29 00:04:743 INFO  HomePage :28 -  Click on flight tab: [[ChromeDriver: chrome on WINDOWS (fd8f712619a898a779838c4dfa4766ae)] -> id: tab-flight-tab-hp]
2020-04-29 00:04:210 INFO  FlightSearchPage :48 -  Enter flying from: Mumbai (BOM-Chhatrapati Shivaji Intl.) in the flying from field [[ChromeDriver: chrome on WINDOWS (fd8f712619a898a779838c4dfa4766ae)] -> id: flight-origin-hp-flight]
2020-04-29 00:04:876 INFO  FlightSearchPage :54 -  Enter going to: Singapore (SIN-All Airports) in the going to field [[ChromeDriver: chrome on WINDOWS (fd8f712619a898a779838c4dfa4766ae)] -> id: flight-destination-hp-flight]
2020-04-29 00:04:589 INFO  FlightSearchPage :60 -  Enter departure date: 27/05/2020 in the departure field [[ChromeDriver: chrome on WINDOWS (fd8f712619a898a779838c4dfa4766ae)] -> id: flight-departing-hp-flight]
2020-04-29 00:04:353 INFO  FlightSearchPage :70 -  Enter returning date 05/06/2020 in the returning date field [[ChromeDriver: chrome on WINDOWS (fd8f712619a898a779838c4dfa4766ae)] -> id: flight-returning-hp-flight]
2020-04-29 00:04:670 INFO  FlightSearchPage :76 - Click on travellers field [[ChromeDriver: chrome on WINDOWS (fd8f712619a898a779838c4dfa4766ae)] -> xpath: //div[@id='traveler-selector-hp-flight']//li/button]
2020-04-29 00:04:928 INFO  FlightSearchPage :82 - Add adult traveller: [[ChromeDriver: chrome on WINDOWS (fd8f712619a898a779838c4dfa4766ae)] -> xpath: //body/meso-native-marquee/section/div/div/div/section/div/div/div/section/form/fieldset/div/div/div/div/ul/li/div/div/div/div/div[4]/button[1]/span[1]//*[local-name()='svg']]
2020-04-29 00:04:297 INFO  FlightSearchPage :88 - Click on add children travellers: [[ChromeDriver: chrome on WINDOWS (fd8f712619a898a779838c4dfa4766ae)] -> xpath: //fieldset//div[2]//div[1]//div[4]//button[1]//span[1]//*[local-name()='svg']]
2020-04-29 00:04:590 INFO  FlightSearchPage :94 - Select childrens age: [[ChromeDriver: chrome on WINDOWS (fd8f712619a898a779838c4dfa4766ae)] -> css selector: select[class$='gcw-child-age-1-1-sa']]
2020-04-29 00:04:645 INFO  FlightSearchPage :101 -  Click on search button Proxy element for: DefaultElementLocator 'By.xpath: //form[@id='gcw-flights-form-hp-flight']//div//label//button'
2020-04-29 00:04:753 INFO  SearchResultPage :20 -  Verify destination diplayed: Select your departure to Singapore on the search page [[ChromeDriver: chrome on WINDOWS (fd8f712619a898a779838c4dfa4766ae)] -> xpath: //header[@id='titleBar']//span[@class='title-city-text']]
2020-04-29 00:04:426 INFO  BrowserSelector :21 - Chrome Browser Selected
2020-04-29 00:04:891 INFO  HomePage :28 -  Click on flight tab: [[ChromeDriver: chrome on WINDOWS (ec650c4c7c0cf60a9fb42756df0085de)] -> id: tab-flight-tab-hp]
2020-04-29 00:04:936 INFO  FlightSearchPage :48 -  Enter flying from: London (LON-All Airports) in the flying from field [[ChromeDriver: chrome on WINDOWS (ec650c4c7c0cf60a9fb42756df0085de)] -> id: flight-origin-hp-flight]
2020-04-29 00:04:642 INFO  FlightSearchPage :54 -  Enter going to: Cape Town (CPT-Cape Town Intl.) in the going to field [[ChromeDriver: chrome on WINDOWS (ec650c4c7c0cf60a9fb42756df0085de)] -> id: flight-destination-hp-flight]
2020-04-29 00:04:224 INFO  FlightSearchPage :60 -  Enter departure date: 15/01/2021 in the departure field [[ChromeDriver: chrome on WINDOWS (ec650c4c7c0cf60a9fb42756df0085de)] -> id: flight-departing-hp-flight]
2020-04-29 00:04:850 INFO  FlightSearchPage :70 -  Enter returning date 22/02/2021 in the returning date field [[ChromeDriver: chrome on WINDOWS (ec650c4c7c0cf60a9fb42756df0085de)] -> id: flight-returning-hp-flight]
2020-04-29 00:04:481 INFO  BrowserSelector :21 - Chrome Browser Selected
2020-04-29 00:04:209 INFO  HomePage :28 -  Click on flight tab: [[ChromeDriver: chrome on WINDOWS (15b5e060041c182385eebe71e04f3779)] -> id: tab-flight-tab-hp]
2020-04-29 00:04:621 INFO  FlightSearchPage :48 -  Enter flying from: San Francisco, CA (SFO-San Francisco Intl.) in the flying from field [[ChromeDriver: chrome on WINDOWS (15b5e060041c182385eebe71e04f3779)] -> id: flight-origin-hp-flight]
2020-04-29 00:04:270 INFO  FlightSearchPage :54 -  Enter going to: New York (NYC-All Airports) in the going to field [[ChromeDriver: chrome on WINDOWS (15b5e060041c182385eebe71e04f3779)] -> id: flight-destination-hp-flight]
2020-04-29 00:04:33 INFO  FlightSearchPage :60 -  Enter departure date: 15/08/2020 in the departure field [[ChromeDriver: chrome on WINDOWS (15b5e060041c182385eebe71e04f3779)] -> id: flight-departing-hp-flight]
2020-04-29 00:04:738 INFO  FlightSearchPage :70 -  Enter returning date 27/09/2020 in the returning date field [[ChromeDriver: chrome on WINDOWS (15b5e060041c182385eebe71e04f3779)] -> id: flight-returning-hp-flight]
2020-04-29 00:04:82 INFO  BrowserSelector :21 - Chrome Browser Selected
2020-04-29 00:04:848 INFO  HomePage :40 -  Click on account tab: [[ChromeDriver: chrome on WINDOWS (fc6e299ab54572a65f756fd134b2d1d6)] -> id: header-account-menu]
2020-04-29 00:04:31 INFO  AccountPage :35 -  Verify text: Sign in to see exclusive Member Pricing.  is displayed on account page [[ChromeDriver: chrome on WINDOWS (fc6e299ab54572a65f756fd134b2d1d6)] -> id: header-exclusive-deals]
2020-04-29 00:04:393 INFO  BrowserSelector :21 - Chrome Browser Selected
2020-04-29 00:04:432 INFO  HomePage :40 -  Click on account tab: [[ChromeDriver: chrome on WINDOWS (79f479e9d9e5463c01daa5c7dea96708)] -> id: header-account-menu]
2020-04-29 00:04:331 INFO  AccountPage :23 -  Click on sign in button: [[ChromeDriver: chrome on WINDOWS (79f479e9d9e5463c01daa5c7dea96708)] -> id: header-account-signin-button]
2020-04-29 00:04:527 INFO  SignInPage :33 -  Enter email: xyz13@gmail.com to email field [[ChromeDriver: chrome on WINDOWS (79f479e9d9e5463c01daa5c7dea96708)] -> id: gss-signin-email]
2020-04-29 00:04:837 INFO  SignInPage :39 -  Enter password: abc123 to password field [[ChromeDriver: chrome on WINDOWS (79f479e9d9e5463c01daa5c7dea96708)] -> id: gss-signin-password]
2020-04-29 00:04:257 INFO  SignInPage :45 -  Click on sign in tab: [[ChromeDriver: chrome on WINDOWS (79f479e9d9e5463c01daa5c7dea96708)] -> id: gss-signin-submit]
2020-04-29 00:04:362 INFO  SignInPage :57 -  Verify error message: You may have entered an unknown email address or an incorrect password is displayed [[ChromeDriver: chrome on WINDOWS (79f479e9d9e5463c01daa5c7dea96708)] -> id: gss-signin-incorrect-email-or-password]
2020-04-29 00:04:744 INFO  BrowserSelector :21 - Chrome Browser Selected
2020-04-29 00:04:733 INFO  BrowserSelector :21 - Chrome Browser Selected
2020-04-29 00:04:333 INFO  BrowserSelector :21 - Chrome Browser Selected
2020-04-29 00:04:600 INFO  BrowserSelector :21 - Chrome Browser Selected
2020-04-29 00:04:118 INFO  BrowserSelector :21 - Chrome Browser Selected
2020-04-29 00:04:913 INFO  HomePage :35 -  Click on flight hotel and car tab: [[ChromeDriver: chrome on WINDOWS (26f7ca0d33c5421666b063b5096223ae)] -> id: primary-header-flight]
2020-04-29 00:04:150 INFO  FlightSearchPage :107 -  Verify text: Search Flights is displayed on search flights page [[ChromeDriver: chrome on WINDOWS (26f7ca0d33c5421666b063b5096223ae)] -> css selector: h1.wizard-tabs]
2020-04-29 00:04:984 INFO  BrowserSelector :21 - Chrome Browser Selected
2020-04-29 00:04:149 INFO  HomePage :29 -  Click on flight tab: [[ChromeDriver: chrome on WINDOWS (1d54488da18060c9c712b9f01e841529)] -> id: tab-flight-tab-hp]
2020-04-29 00:04:979 INFO  FlightSearchPage :48 -  Enter flying from: Dubai (DXB-All Airports) in the flying from field [[ChromeDriver: chrome on WINDOWS (1d54488da18060c9c712b9f01e841529)] -> id: flight-origin-hp-flight]
2020-04-29 00:04:292 INFO  FlightSearchPage :54 -  Enter going to: Delhi (DEL-Indira Gandhi Intl.) in the going to field [[ChromeDriver: chrome on WINDOWS (1d54488da18060c9c712b9f01e841529)] -> id: flight-destination-hp-flight]
2020-04-29 00:04:14 INFO  FlightSearchPage :60 -  Enter departure date: 08/07/2020 in the departure field [[ChromeDriver: chrome on WINDOWS (1d54488da18060c9c712b9f01e841529)] -> id: flight-departing-hp-flight]
2020-04-29 00:04:784 INFO  FlightSearchPage :70 -  Enter returning date 09/08/2020 in the returning date field [[ChromeDriver: chrome on WINDOWS (1d54488da18060c9c712b9f01e841529)] -> id: flight-returning-hp-flight]
2020-04-29 00:04:346 INFO  BrowserSelector :21 - Chrome Browser Selected
2020-04-29 00:04:139 INFO  HomePage :29 -  Click on flight tab: [[ChromeDriver: chrome on WINDOWS (a2d0a5dd019c0fc40bc473e8978d6e10)] -> id: tab-flight-tab-hp]
2020-04-29 00:04:340 INFO  FlightSearchPage :48 -  Enter flying from: London (LON-All Airports) in the flying from field [[ChromeDriver: chrome on WINDOWS (a2d0a5dd019c0fc40bc473e8978d6e10)] -> id: flight-origin-hp-flight]
2020-04-29 00:04:733 INFO  FlightSearchPage :54 -  Enter going to: Sydney (SYD-All Airports) in the going to field [[ChromeDriver: chrome on WINDOWS (a2d0a5dd019c0fc40bc473e8978d6e10)] -> id: flight-destination-hp-flight]
2020-04-29 00:04:283 INFO  FlightSearchPage :60 -  Enter departure date: 28/11/2020 in the departure field [[ChromeDriver: chrome on WINDOWS (a2d0a5dd019c0fc40bc473e8978d6e10)] -> id: flight-departing-hp-flight]
2020-04-29 00:04:866 INFO  FlightSearchPage :70 -  Enter returning date 05/01/2021 in the returning date field [[ChromeDriver: chrome on WINDOWS (a2d0a5dd019c0fc40bc473e8978d6e10)] -> id: flight-returning-hp-flight]
2020-04-29 00:04:841 INFO  BrowserSelector :21 - Chrome Browser Selected
2020-04-29 00:04:776 INFO  HomePage :29 -  Click on flight tab: [[ChromeDriver: chrome on WINDOWS (03019cbf204a69a09e12c17b6c8ca301)] -> id: tab-flight-tab-hp]
2020-04-29 00:04:40 INFO  FlightSearchPage :48 -  Enter flying from: Mumbai (BOM-Chhatrapati Shivaji Intl.) in the flying from field [[ChromeDriver: chrome on WINDOWS (03019cbf204a69a09e12c17b6c8ca301)] -> id: flight-origin-hp-flight]
2020-04-29 00:04:364 INFO  FlightSearchPage :54 -  Enter going to: Singapore (SIN-All Airports) in the going to field [[ChromeDriver: chrome on WINDOWS (03019cbf204a69a09e12c17b6c8ca301)] -> id: flight-destination-hp-flight]
2020-04-29 00:04:918 INFO  FlightSearchPage :60 -  Enter departure date: 27/05/2020 in the departure field [[ChromeDriver: chrome on WINDOWS (03019cbf204a69a09e12c17b6c8ca301)] -> id: flight-departing-hp-flight]
2020-04-29 00:04:508 INFO  FlightSearchPage :70 -  Enter returning date 05/06/2020 in the returning date field [[ChromeDriver: chrome on WINDOWS (03019cbf204a69a09e12c17b6c8ca301)] -> id: flight-returning-hp-flight]
2020-04-29 00:04:301 INFO  BrowserSelector :21 - Chrome Browser Selected
2020-04-29 00:04:728 INFO  HomePage :29 -  Click on flight tab: [[ChromeDriver: chrome on WINDOWS (7478cbe4b0fef3894a97ecd91fbceffa)] -> id: tab-flight-tab-hp]
2020-04-29 00:04:280 INFO  FlightSearchPage :48 -  Enter flying from: London (LON-All Airports) in the flying from field [[ChromeDriver: chrome on WINDOWS (7478cbe4b0fef3894a97ecd91fbceffa)] -> id: flight-origin-hp-flight]
2020-04-29 00:04:897 INFO  FlightSearchPage :54 -  Enter going to: Cape Town (CPT-Cape Town Intl.) in the going to field [[ChromeDriver: chrome on WINDOWS (7478cbe4b0fef3894a97ecd91fbceffa)] -> id: flight-destination-hp-flight]
2020-04-29 00:04:475 INFO  FlightSearchPage :60 -  Enter departure date: 15/01/2021 in the departure field [[ChromeDriver: chrome on WINDOWS (7478cbe4b0fef3894a97ecd91fbceffa)] -> id: flight-departing-hp-flight]
2020-04-29 00:04:172 INFO  FlightSearchPage :70 -  Enter returning date 22/02/2021 in the returning date field [[ChromeDriver: chrome on WINDOWS (7478cbe4b0fef3894a97ecd91fbceffa)] -> id: flight-returning-hp-flight]
2020-04-29 00:04:295 INFO  BrowserSelector :21 - Chrome Browser Selected
2020-04-29 00:04:80 INFO  HomePage :29 -  Click on flight tab: [[ChromeDriver: chrome on WINDOWS (cdafdc54beea946cd4412a95a76d972f)] -> id: tab-flight-tab-hp]
2020-04-29 00:04:213 INFO  FlightSearchPage :48 -  Enter flying from: San Francisco, CA (SFO-San Francisco Intl.) in the flying from field [[ChromeDriver: chrome on WINDOWS (cdafdc54beea946cd4412a95a76d972f)] -> id: flight-origin-hp-flight]
2020-04-29 00:04:344 INFO  FlightSearchPage :54 -  Enter going to: New York (NYC-All Airports) in the going to field [[ChromeDriver: chrome on WINDOWS (cdafdc54beea946cd4412a95a76d972f)] -> id: flight-destination-hp-flight]
2020-04-29 00:04:864 INFO  FlightSearchPage :60 -  Enter departure date: 15/08/2020 in the departure field [[ChromeDriver: chrome on WINDOWS (cdafdc54beea946cd4412a95a76d972f)] -> id: flight-departing-hp-flight]
2020-04-29 00:04:430 INFO  FlightSearchPage :70 -  Enter returning date 27/09/2020 in the returning date field [[ChromeDriver: chrome on WINDOWS (cdafdc54beea946cd4412a95a76d972f)] -> id: flight-returning-hp-flight]
2020-04-29 00:04:677 INFO  FlightSearchPage :76 - Click on travellers field [[ChromeDriver: chrome on WINDOWS (cdafdc54beea946cd4412a95a76d972f)] -> xpath: //div[@id='traveler-selector-hp-flight']//li/button]
2020-04-29 00:04:958 INFO  FlightSearchPage :82 - Add adult traveller: [[ChromeDriver: chrome on WINDOWS (cdafdc54beea946cd4412a95a76d972f)] -> xpath: //*[@id='traveler-selector-hp-flight']/div/ul/li/div/div/div/div/div[4]/button[1]/span[1]//*[local-name()='svg']]
2020-04-29 00:04:313 INFO  FlightSearchPage :88 - Click on add children travellers: [[ChromeDriver: chrome on WINDOWS (cdafdc54beea946cd4412a95a76d972f)] -> xpath: //fieldset//div[2]//div[1]//div[4]//button[1]//span[1]//*[local-name()='svg']]
2020-04-29 00:04:529 INFO  FlightSearchPage :94 - Select childrens age: [[ChromeDriver: chrome on WINDOWS (cdafdc54beea946cd4412a95a76d972f)] -> css selector: select[class$='gcw-child-age-1-1-sa']]
2020-04-29 00:04:235 INFO  FlightSearchPage :101 -  Click on search button Proxy element for: DefaultElementLocator 'By.xpath: //form[@id='gcw-flights-form-hp-flight']//div//label//button'
2020-04-29 00:04:607 INFO  SearchResultPage :20 -  Verify destination diplayed: Select your departure to New York on the search page [[ChromeDriver: chrome on WINDOWS (cdafdc54beea946cd4412a95a76d972f)] -> xpath: //header[@id='titleBar']//span[@class='title-city-text']]
2020-04-29 01:04:256 INFO  BrowserSelector :21 - Chrome Browser Selected
2020-04-29 01:04:279 INFO  HomePage :40 -  Click on flight hotel and car tab: [[ChromeDriver: chrome on WINDOWS (f5c3af4dfdcf948341757978d1dfde29)] -> id: primary-header-flight]
2020-04-29 01:04:220 INFO  FlightSearchPage :107 -  Verify text: Search Flights is displayed on search flights page [[ChromeDriver: chrome on WINDOWS (f5c3af4dfdcf948341757978d1dfde29)] -> css selector: h1.wizard-tabs]
2020-04-29 01:04:424 INFO  BrowserSelector :21 - Chrome Browser Selected
2020-04-29 01:04:699 INFO  HomePage :33 -  Click on flight tab: [[ChromeDriver: chrome on WINDOWS (5954ef1bd88589933631e1e9a0291c9f)] -> id: tab-flight-tab-hp]
2020-04-29 01:04:621 INFO  FlightSearchPage :48 -  Enter flying from: Dubai (DXB-All Airports) in the flying from field [[ChromeDriver: chrome on WINDOWS (5954ef1bd88589933631e1e9a0291c9f)] -> id: flight-origin-hp-flight]
2020-04-29 01:04:946 INFO  FlightSearchPage :54 -  Enter going to: Delhi (DEL-Indira Gandhi Intl.) in the going to field [[ChromeDriver: chrome on WINDOWS (5954ef1bd88589933631e1e9a0291c9f)] -> id: flight-destination-hp-flight]
2020-04-29 01:04:933 INFO  FlightSearchPage :60 -  Enter departure date: 08/07/2020 in the departure field [[ChromeDriver: chrome on WINDOWS (5954ef1bd88589933631e1e9a0291c9f)] -> id: flight-departing-hp-flight]
2020-04-29 01:04:468 INFO  FlightSearchPage :70 -  Enter returning date 09/08/2020 in the returning date field [[ChromeDriver: chrome on WINDOWS (5954ef1bd88589933631e1e9a0291c9f)] -> id: flight-returning-hp-flight]
2020-04-29 01:04:887 INFO  FlightSearchPage :76 - Click on travellers field [[ChromeDriver: chrome on WINDOWS (5954ef1bd88589933631e1e9a0291c9f)] -> xpath: //div[@id='traveler-selector-hp-flight']//li/button]
2020-04-29 01:04:230 INFO  FlightSearchPage :82 - Add adult traveller: [[ChromeDriver: chrome on WINDOWS (5954ef1bd88589933631e1e9a0291c9f)] -> xpath: //*[@id='traveler-selector-hp-flight']/div/ul/li/div/div/div/div/div[4]/button[1]/span[1]//*[local-name()='svg']]
2020-04-29 01:04:495 INFO  FlightSearchPage :88 - Click on add children travellers: [[ChromeDriver: chrome on WINDOWS (5954ef1bd88589933631e1e9a0291c9f)] -> xpath: //fieldset//div[2]//div[1]//div[4]//button[1]//span[1]//*[local-name()='svg']]
2020-04-29 01:04:744 INFO  FlightSearchPage :94 - Select childrens age: [[ChromeDriver: chrome on WINDOWS (5954ef1bd88589933631e1e9a0291c9f)] -> css selector: select[class$='gcw-child-age-1-1-sa']]
2020-04-29 01:04:869 INFO  FlightSearchPage :101 -  Click on search button Proxy element for: DefaultElementLocator 'By.xpath: //form[@id='gcw-flights-form-hp-flight']//div//label//button'
2020-04-29 01:04:351 INFO  SearchResultPage :20 -  Verify destination diplayed: Select your departure to Delhi on the search page [[ChromeDriver: chrome on WINDOWS (5954ef1bd88589933631e1e9a0291c9f)] -> xpath: //header[@id='titleBar']//span[@class='title-city-text']]
2020-04-29 01:04:622 INFO  BrowserSelector :21 - Chrome Browser Selected
2020-04-29 01:04:387 INFO  HomePage :33 -  Click on flight tab: [[ChromeDriver: chrome on WINDOWS (39826793839913a6664eee9b7a0018de)] -> id: tab-flight-tab-hp]
2020-04-29 01:04:284 INFO  FlightSearchPage :48 -  Enter flying from: London (LON-All Airports) in the flying from field [[ChromeDriver: chrome on WINDOWS (39826793839913a6664eee9b7a0018de)] -> id: flight-origin-hp-flight]
2020-04-29 01:04:434 INFO  FlightSearchPage :54 -  Enter going to: Sydney (SYD-All Airports) in the going to field [[ChromeDriver: chrome on WINDOWS (39826793839913a6664eee9b7a0018de)] -> id: flight-destination-hp-flight]
2020-04-29 01:04:993 INFO  FlightSearchPage :60 -  Enter departure date: 28/11/2020 in the departure field [[ChromeDriver: chrome on WINDOWS (39826793839913a6664eee9b7a0018de)] -> id: flight-departing-hp-flight]
2020-04-29 01:04:674 INFO  FlightSearchPage :70 -  Enter returning date 05/01/2021 in the returning date field [[ChromeDriver: chrome on WINDOWS (39826793839913a6664eee9b7a0018de)] -> id: flight-returning-hp-flight]
2020-04-29 01:04:907 INFO  FlightSearchPage :76 - Click on travellers field [[ChromeDriver: chrome on WINDOWS (39826793839913a6664eee9b7a0018de)] -> xpath: //div[@id='traveler-selector-hp-flight']//li/button]
2020-04-29 01:04:193 INFO  FlightSearchPage :82 - Add adult traveller: [[ChromeDriver: chrome on WINDOWS (39826793839913a6664eee9b7a0018de)] -> xpath: //*[@id='traveler-selector-hp-flight']/div/ul/li/div/div/div/div/div[4]/button[1]/span[1]//*[local-name()='svg']]
2020-04-29 01:04:459 INFO  FlightSearchPage :88 - Click on add children travellers: [[ChromeDriver: chrome on WINDOWS (39826793839913a6664eee9b7a0018de)] -> xpath: //fieldset//div[2]//div[1]//div[4]//button[1]//span[1]//*[local-name()='svg']]
2020-04-29 01:04:657 INFO  FlightSearchPage :94 - Select childrens age: [[ChromeDriver: chrome on WINDOWS (39826793839913a6664eee9b7a0018de)] -> css selector: select[class$='gcw-child-age-1-1-sa']]
2020-04-29 01:04:362 INFO  FlightSearchPage :101 -  Click on search button Proxy element for: DefaultElementLocator 'By.xpath: //form[@id='gcw-flights-form-hp-flight']//div//label//button'
2020-04-29 01:04:08 INFO  SearchResultPage :20 -  Verify destination diplayed: Select your departure to Sydney on the search page [[ChromeDriver: chrome on WINDOWS (39826793839913a6664eee9b7a0018de)] -> xpath: //header[@id='titleBar']//span[@class='title-city-text']]
2020-04-29 01:04:935 INFO  BrowserSelector :21 - Chrome Browser Selected
2020-04-29 01:04:459 INFO  HomePage :33 -  Click on flight tab: [[ChromeDriver: chrome on WINDOWS (a4bb26bf01071d7953fdbe0e1f2a8018)] -> id: tab-flight-tab-hp]
2020-04-29 01:04:536 INFO  FlightSearchPage :48 -  Enter flying from: Mumbai (BOM-Chhatrapati Shivaji Intl.) in the flying from field [[ChromeDriver: chrome on WINDOWS (a4bb26bf01071d7953fdbe0e1f2a8018)] -> id: flight-origin-hp-flight]
2020-04-29 01:04:913 INFO  FlightSearchPage :54 -  Enter going to: Singapore (SIN-All Airports) in the going to field [[ChromeDriver: chrome on WINDOWS (a4bb26bf01071d7953fdbe0e1f2a8018)] -> id: flight-destination-hp-flight]
2020-04-29 01:04:510 INFO  FlightSearchPage :60 -  Enter departure date: 27/05/2020 in the departure field [[ChromeDriver: chrome on WINDOWS (a4bb26bf01071d7953fdbe0e1f2a8018)] -> id: flight-departing-hp-flight]
2020-04-29 01:04:68 INFO  FlightSearchPage :70 -  Enter returning date 05/06/2020 in the returning date field [[ChromeDriver: chrome on WINDOWS (a4bb26bf01071d7953fdbe0e1f2a8018)] -> id: flight-returning-hp-flight]
2020-04-29 01:04:327 INFO  FlightSearchPage :76 - Click on travellers field [[ChromeDriver: chrome on WINDOWS (a4bb26bf01071d7953fdbe0e1f2a8018)] -> xpath: //div[@id='traveler-selector-hp-flight']//li/button]
2020-04-29 01:04:698 INFO  FlightSearchPage :82 - Add adult traveller: [[ChromeDriver: chrome on WINDOWS (a4bb26bf01071d7953fdbe0e1f2a8018)] -> xpath: //*[@id='traveler-selector-hp-flight']/div/ul/li/div/div/div/div/div[4]/button[1]/span[1]//*[local-name()='svg']]
2020-04-29 01:04:947 INFO  FlightSearchPage :88 - Click on add children travellers: [[ChromeDriver: chrome on WINDOWS (a4bb26bf01071d7953fdbe0e1f2a8018)] -> xpath: //fieldset//div[2]//div[1]//div[4]//button[1]//span[1]//*[local-name()='svg']]
2020-04-29 01:04:205 INFO  FlightSearchPage :94 - Select childrens age: [[ChromeDriver: chrome on WINDOWS (a4bb26bf01071d7953fdbe0e1f2a8018)] -> css selector: select[class$='gcw-child-age-1-1-sa']]
2020-04-29 01:04:214 INFO  FlightSearchPage :101 -  Click on search button Proxy element for: DefaultElementLocator 'By.xpath: //form[@id='gcw-flights-form-hp-flight']//div//label//button'
2020-04-29 01:04:36 INFO  SearchResultPage :20 -  Verify destination diplayed: Select your departure to Singapore on the search page [[ChromeDriver: chrome on WINDOWS (a4bb26bf01071d7953fdbe0e1f2a8018)] -> xpath: //header[@id='titleBar']//span[@class='title-city-text']]
2020-04-29 01:04:674 INFO  BrowserSelector :21 - Chrome Browser Selected
2020-04-29 01:04:125 INFO  HomePage :33 -  Click on flight tab: [[ChromeDriver: chrome on WINDOWS (e1c3684793d8bdce64a8fc349cde4a61)] -> id: tab-flight-tab-hp]
2020-04-29 01:04:827 INFO  FlightSearchPage :48 -  Enter flying from: London (LON-All Airports) in the flying from field [[ChromeDriver: chrome on WINDOWS (e1c3684793d8bdce64a8fc349cde4a61)] -> id: flight-origin-hp-flight]
2020-04-29 01:04:236 INFO  FlightSearchPage :54 -  Enter going to: Cape Town (CPT-Cape Town Intl.) in the going to field [[ChromeDriver: chrome on WINDOWS (e1c3684793d8bdce64a8fc349cde4a61)] -> id: flight-destination-hp-flight]
2020-04-29 01:04:843 INFO  FlightSearchPage :60 -  Enter departure date: 15/01/2021 in the departure field [[ChromeDriver: chrome on WINDOWS (e1c3684793d8bdce64a8fc349cde4a61)] -> id: flight-departing-hp-flight]
2020-04-29 01:04:434 INFO  FlightSearchPage :70 -  Enter returning date 22/02/2021 in the returning date field [[ChromeDriver: chrome on WINDOWS (e1c3684793d8bdce64a8fc349cde4a61)] -> id: flight-returning-hp-flight]
2020-04-29 01:04:690 INFO  FlightSearchPage :76 - Click on travellers field [[ChromeDriver: chrome on WINDOWS (e1c3684793d8bdce64a8fc349cde4a61)] -> xpath: //div[@id='traveler-selector-hp-flight']//li/button]
2020-04-29 01:04:988 INFO  FlightSearchPage :82 - Add adult traveller: [[ChromeDriver: chrome on WINDOWS (e1c3684793d8bdce64a8fc349cde4a61)] -> xpath: //*[@id='traveler-selector-hp-flight']/div/ul/li/div/div/div/div/div[4]/button[1]/span[1]//*[local-name()='svg']]
2020-04-29 01:04:265 INFO  FlightSearchPage :88 - Click on add children travellers: [[ChromeDriver: chrome on WINDOWS (e1c3684793d8bdce64a8fc349cde4a61)] -> xpath: //fieldset//div[2]//div[1]//div[4]//button[1]//span[1]//*[local-name()='svg']]
2020-04-29 01:04:460 INFO  FlightSearchPage :94 - Select childrens age: [[ChromeDriver: chrome on WINDOWS (e1c3684793d8bdce64a8fc349cde4a61)] -> css selector: select[class$='gcw-child-age-1-1-sa']]
2020-04-29 01:04:602 INFO  FlightSearchPage :101 -  Click on search button Proxy element for: DefaultElementLocator 'By.xpath: //form[@id='gcw-flights-form-hp-flight']//div//label//button'
2020-04-29 01:04:748 INFO  SearchResultPage :20 -  Verify destination diplayed: Select your departure to Cape Town on the search page [[ChromeDriver: chrome on WINDOWS (e1c3684793d8bdce64a8fc349cde4a61)] -> xpath: //header[@id='titleBar']//span[@class='title-city-text']]
2020-04-29 01:04:562 INFO  BrowserSelector :21 - Chrome Browser Selected
2020-04-29 01:04:167 INFO  HomePage :33 -  Click on flight tab: [[ChromeDriver: chrome on WINDOWS (6237be72af623f9136b56db2e27d7b13)] -> id: tab-flight-tab-hp]
2020-04-29 01:04:407 INFO  FlightSearchPage :48 -  Enter flying from: San Francisco, CA (SFO-San Francisco Intl.) in the flying from field [[ChromeDriver: chrome on WINDOWS (6237be72af623f9136b56db2e27d7b13)] -> id: flight-origin-hp-flight]
2020-04-29 01:04:782 INFO  FlightSearchPage :54 -  Enter going to: New York (NYC-All Airports) in the going to field [[ChromeDriver: chrome on WINDOWS (6237be72af623f9136b56db2e27d7b13)] -> id: flight-destination-hp-flight]
2020-04-29 01:04:429 INFO  FlightSearchPage :60 -  Enter departure date: 15/08/2020 in the departure field [[ChromeDriver: chrome on WINDOWS (6237be72af623f9136b56db2e27d7b13)] -> id: flight-departing-hp-flight]
2020-04-29 01:04:107 INFO  FlightSearchPage :70 -  Enter returning date 27/09/2020 in the returning date field [[ChromeDriver: chrome on WINDOWS (6237be72af623f9136b56db2e27d7b13)] -> id: flight-returning-hp-flight]
2020-04-29 01:04:505 INFO  FlightSearchPage :76 - Click on travellers field [[ChromeDriver: chrome on WINDOWS (6237be72af623f9136b56db2e27d7b13)] -> xpath: //div[@id='traveler-selector-hp-flight']//li/button]
2020-04-29 01:04:804 INFO  FlightSearchPage :82 - Add adult traveller: [[ChromeDriver: chrome on WINDOWS (6237be72af623f9136b56db2e27d7b13)] -> xpath: //*[@id='traveler-selector-hp-flight']/div/ul/li/div/div/div/div/div[4]/button[1]/span[1]//*[local-name()='svg']]
2020-04-29 01:04:42 INFO  FlightSearchPage :88 - Click on add children travellers: [[ChromeDriver: chrome on WINDOWS (6237be72af623f9136b56db2e27d7b13)] -> xpath: //fieldset//div[2]//div[1]//div[4]//button[1]//span[1]//*[local-name()='svg']]
2020-04-29 01:04:251 INFO  FlightSearchPage :94 - Select childrens age: [[ChromeDriver: chrome on WINDOWS (6237be72af623f9136b56db2e27d7b13)] -> css selector: select[class$='gcw-child-age-1-1-sa']]
2020-04-29 01:04:500 INFO  FlightSearchPage :101 -  Click on search button Proxy element for: DefaultElementLocator 'By.xpath: //form[@id='gcw-flights-form-hp-flight']//div//label//button'
2020-04-29 01:04:584 INFO  SearchResultPage :20 -  Verify destination diplayed: Select your departure to New York on the search page [[ChromeDriver: chrome on WINDOWS (6237be72af623f9136b56db2e27d7b13)] -> xpath: //header[@id='titleBar']//span[@class='title-city-text']]
2020-04-29 21:04:622 INFO  BrowserSelector :21 - Chrome Browser Selected
2020-04-29 21:04:549 INFO  BrowserSelector :21 - Chrome Browser Selected
2020-04-29 21:04:172 INFO  HomePage :33 -  Click on flight tab: [[ChromeDriver: chrome on WINDOWS (fdef5b9b9b2d8fdfe04a00ec2ad0d431)] -> id: tab-flight-tab-hp]
2020-04-29 21:04:918 INFO  FlightSearchPage :48 -  Enter flying from: Singapore (SIN-All Airports) in the flying from field [[ChromeDriver: chrome on WINDOWS (fdef5b9b9b2d8fdfe04a00ec2ad0d431)] -> id: flight-origin-hp-flight]
2020-04-29 21:04:602 INFO  FlightSearchPage :54 -  Enter going to: Delhi (DEL-Indira Gandhi Intl.) in the going to field [[ChromeDriver: chrome on WINDOWS (fdef5b9b9b2d8fdfe04a00ec2ad0d431)] -> id: flight-destination-hp-flight]
2020-04-29 21:04:378 INFO  FlightSearchPage :60 -  Enter departure date: 09/07/2020 in the departure field [[ChromeDriver: chrome on WINDOWS (fdef5b9b9b2d8fdfe04a00ec2ad0d431)] -> id: flight-departing-hp-flight]
2020-04-29 21:04:322 INFO  FlightSearchPage :70 -  Enter returning date 18/08/2020 in the returning date field [[ChromeDriver: chrome on WINDOWS (fdef5b9b9b2d8fdfe04a00ec2ad0d431)] -> id: flight-returning-hp-flight]
2020-04-29 21:04:594 INFO  FlightSearchPage :76 - Click on travellers field [[ChromeDriver: chrome on WINDOWS (fdef5b9b9b2d8fdfe04a00ec2ad0d431)] -> xpath: //div[@id='traveler-selector-hp-flight']//li/button]
2020-04-29 21:04:847 INFO  FlightSearchPage :82 - Add adult traveller: [[ChromeDriver: chrome on WINDOWS (fdef5b9b9b2d8fdfe04a00ec2ad0d431)] -> xpath: //*[@id='traveler-selector-hp-flight']/div/ul/li/div/div/div/div/div[4]/button[1]/span[1]//*[local-name()='svg']]
2020-04-29 21:04:188 INFO  FlightSearchPage :88 - Click on add children travellers: [[ChromeDriver: chrome on WINDOWS (fdef5b9b9b2d8fdfe04a00ec2ad0d431)] -> xpath: //fieldset//div[2]//div[1]//div[4]//button[1]//span[1]//*[local-name()='svg']]
2020-04-29 21:04:458 INFO  FlightSearchPage :94 - Select childrens age: [[ChromeDriver: chrome on WINDOWS (fdef5b9b9b2d8fdfe04a00ec2ad0d431)] -> css selector: select[class$='gcw-child-age-1-1-sa']]
2020-04-29 21:04:396 INFO  FlightSearchPage :101 -  Click on search button Proxy element for: DefaultElementLocator 'By.xpath: //form[@id='gcw-flights-form-hp-flight']//div//label//button'
2020-04-29 21:04:27 INFO  BrowserSelector :21 - Chrome Browser Selected
2020-04-29 21:04:765 INFO  HomePage :33 -  Click on flight tab: [[ChromeDriver: chrome on WINDOWS (5816d86a30da583c701f0ebe4e4ac9ed)] -> id: tab-flight-tab-hp]
2020-04-29 21:04:831 INFO  FlightSearchPage :48 -  Enter flying from: London (LON-All Airports) in the flying from field [[ChromeDriver: chrome on WINDOWS (5816d86a30da583c701f0ebe4e4ac9ed)] -> id: flight-origin-hp-flight]
2020-04-29 21:04:137 INFO  FlightSearchPage :54 -  Enter going to: San Francisco, CA (SFO-San Francisco Intl.) in the going to field [[ChromeDriver: chrome on WINDOWS (5816d86a30da583c701f0ebe4e4ac9ed)] -> id: flight-destination-hp-flight]
2020-04-29 21:04:991 INFO  FlightSearchPage :60 -  Enter departure date: 15/01/2021 in the departure field [[ChromeDriver: chrome on WINDOWS (5816d86a30da583c701f0ebe4e4ac9ed)] -> id: flight-departing-hp-flight]
2020-04-29 21:04:718 INFO  FlightSearchPage :70 -  Enter returning date 24/02/2021 in the returning date field [[ChromeDriver: chrome on WINDOWS (5816d86a30da583c701f0ebe4e4ac9ed)] -> id: flight-returning-hp-flight]
2020-04-29 21:04:107 INFO  FlightSearchPage :76 - Click on travellers field [[ChromeDriver: chrome on WINDOWS (5816d86a30da583c701f0ebe4e4ac9ed)] -> xpath: //div[@id='traveler-selector-hp-flight']//li/button]
2020-04-29 21:04:367 INFO  FlightSearchPage :82 - Add adult traveller: [[ChromeDriver: chrome on WINDOWS (5816d86a30da583c701f0ebe4e4ac9ed)] -> xpath: //*[@id='traveler-selector-hp-flight']/div/ul/li/div/div/div/div/div[4]/button[1]/span[1]//*[local-name()='svg']]
2020-04-29 21:04:634 INFO  FlightSearchPage :88 - Click on add children travellers: [[ChromeDriver: chrome on WINDOWS (5816d86a30da583c701f0ebe4e4ac9ed)] -> xpath: //fieldset//div[2]//div[1]//div[4]//button[1]//span[1]//*[local-name()='svg']]
2020-04-29 21:04:879 INFO  FlightSearchPage :94 - Select childrens age: [[ChromeDriver: chrome on WINDOWS (5816d86a30da583c701f0ebe4e4ac9ed)] -> css selector: select[class$='gcw-child-age-1-1-sa']]
2020-04-29 21:04:218 INFO  FlightSearchPage :101 -  Click on search button Proxy element for: DefaultElementLocator 'By.xpath: //form[@id='gcw-flights-form-hp-flight']//div//label//button'
2020-04-29 21:04:405 INFO  BrowserSelector :21 - Chrome Browser Selected
2020-04-29 21:04:967 INFO  HomePage :33 -  Click on flight tab: [[ChromeDriver: chrome on WINDOWS (43f02fa59099d8064a75e43776b3da20)] -> id: tab-flight-tab-hp]
2020-04-29 21:04:300 INFO  FlightSearchPage :48 -  Enter flying from: San Francisco, CA (SFO-San Francisco Intl.) in the flying from field [[ChromeDriver: chrome on WINDOWS (43f02fa59099d8064a75e43776b3da20)] -> id: flight-origin-hp-flight]
2020-04-29 21:04:142 INFO  FlightSearchPage :54 -  Enter going to: New York (NYC-All Airports) in the going to field [[ChromeDriver: chrome on WINDOWS (43f02fa59099d8064a75e43776b3da20)] -> id: flight-destination-hp-flight]
2020-04-29 21:04:291 INFO  FlightSearchPage :60 -  Enter departure date: 17/08/2020 in the departure field [[ChromeDriver: chrome on WINDOWS (43f02fa59099d8064a75e43776b3da20)] -> id: flight-departing-hp-flight]
2020-04-29 21:04:98 INFO  FlightSearchPage :70 -  Enter returning date 22/09/2020 in the returning date field [[ChromeDriver: chrome on WINDOWS (43f02fa59099d8064a75e43776b3da20)] -> id: flight-returning-hp-flight]
2020-04-29 21:04:424 INFO  FlightSearchPage :76 - Click on travellers field [[ChromeDriver: chrome on WINDOWS (43f02fa59099d8064a75e43776b3da20)] -> xpath: //div[@id='traveler-selector-hp-flight']//li/button]
2020-04-29 21:04:804 INFO  FlightSearchPage :82 - Add adult traveller: [[ChromeDriver: chrome on WINDOWS (43f02fa59099d8064a75e43776b3da20)] -> xpath: //*[@id='traveler-selector-hp-flight']/div/ul/li/div/div/div/div/div[4]/button[1]/span[1]//*[local-name()='svg']]
2020-04-29 21:04:129 INFO  FlightSearchPage :88 - Click on add children travellers: [[ChromeDriver: chrome on WINDOWS (43f02fa59099d8064a75e43776b3da20)] -> xpath: //fieldset//div[2]//div[1]//div[4]//button[1]//span[1]//*[local-name()='svg']]
2020-04-29 21:04:379 INFO  FlightSearchPage :94 - Select childrens age: [[ChromeDriver: chrome on WINDOWS (43f02fa59099d8064a75e43776b3da20)] -> css selector: select[class$='gcw-child-age-1-1-sa']]
2020-04-29 21:04:398 INFO  FlightSearchPage :101 -  Click on search button Proxy element for: DefaultElementLocator 'By.xpath: //form[@id='gcw-flights-form-hp-flight']//div//label//button'
2020-04-29 21:04:80 INFO  BrowserSelector :21 - Chrome Browser Selected
2020-04-29 21:04:109 INFO  HomePage :33 -  Click on flight tab: [[ChromeDriver: chrome on WINDOWS (2c3f04f0e77f46ea72a400355d322f22)] -> id: tab-flight-tab-hp]
2020-04-29 21:04:827 INFO  FlightSearchPage :48 -  Enter flying from: London (LON-All Airports) in the flying from field [[ChromeDriver: chrome on WINDOWS (2c3f04f0e77f46ea72a400355d322f22)] -> id: flight-origin-hp-flight]
2020-04-29 21:04:329 INFO  FlightSearchPage :54 -  Enter going to: Dubai (DXB-All Airports) in the going to field [[ChromeDriver: chrome on WINDOWS (2c3f04f0e77f46ea72a400355d322f22)] -> id: flight-destination-hp-flight]
2020-04-29 21:04:168 INFO  FlightSearchPage :60 -  Enter departure date: 24/11/2020 in the departure field [[ChromeDriver: chrome on WINDOWS (2c3f04f0e77f46ea72a400355d322f22)] -> id: flight-departing-hp-flight]
2020-04-29 21:04:00 INFO  FlightSearchPage :70 -  Enter returning date 07/01/2021 in the returning date field [[ChromeDriver: chrome on WINDOWS (2c3f04f0e77f46ea72a400355d322f22)] -> id: flight-returning-hp-flight]
2020-04-29 21:04:260 INFO  FlightSearchPage :76 - Click on travellers field [[ChromeDriver: chrome on WINDOWS (2c3f04f0e77f46ea72a400355d322f22)] -> xpath: //div[@id='traveler-selector-hp-flight']//li/button]
2020-04-29 21:04:510 INFO  FlightSearchPage :82 - Add adult traveller: [[ChromeDriver: chrome on WINDOWS (2c3f04f0e77f46ea72a400355d322f22)] -> xpath: //*[@id='traveler-selector-hp-flight']/div/ul/li/div/div/div/div/div[4]/button[1]/span[1]//*[local-name()='svg']]
2020-04-29 21:04:911 INFO  FlightSearchPage :88 - Click on add children travellers: [[ChromeDriver: chrome on WINDOWS (2c3f04f0e77f46ea72a400355d322f22)] -> xpath: //fieldset//div[2]//div[1]//div[4]//button[1]//span[1]//*[local-name()='svg']]
2020-04-29 21:04:164 INFO  FlightSearchPage :94 - Select childrens age: [[ChromeDriver: chrome on WINDOWS (2c3f04f0e77f46ea72a400355d322f22)] -> css selector: select[class$='gcw-child-age-1-1-sa']]
2020-04-29 21:04:857 INFO  FlightSearchPage :101 -  Click on search button Proxy element for: DefaultElementLocator 'By.xpath: //form[@id='gcw-flights-form-hp-flight']//div//label//button'
2020-04-29 21:04:150 INFO  BrowserSelector :21 - Chrome Browser Selected
2020-04-29 21:04:295 INFO  HomePage :33 -  Click on flight tab: [[ChromeDriver: chrome on WINDOWS (42f608d6bb46feae3d4a22aa19da0d80)] -> id: tab-flight-tab-hp]
2020-04-29 21:04:516 INFO  FlightSearchPage :48 -  Enter flying from: Mumbai (BOM-Chhatrapati Shivaji Intl.) in the flying from field [[ChromeDriver: chrome on WINDOWS (42f608d6bb46feae3d4a22aa19da0d80)] -> id: flight-origin-hp-flight]
2020-04-29 21:04:397 INFO  FlightSearchPage :54 -  Enter going to: Singapore (SIN-All Airports) in the going to field [[ChromeDriver: chrome on WINDOWS (42f608d6bb46feae3d4a22aa19da0d80)] -> id: flight-destination-hp-flight]
2020-04-29 21:04:272 INFO  FlightSearchPage :60 -  Enter departure date: 30/05/2020 in the departure field [[ChromeDriver: chrome on WINDOWS (42f608d6bb46feae3d4a22aa19da0d80)] -> id: flight-departing-hp-flight]
2020-04-29 21:04:289 INFO  FlightSearchPage :70 -  Enter returning date 08/07/2020 in the returning date field [[ChromeDriver: chrome on WINDOWS (42f608d6bb46feae3d4a22aa19da0d80)] -> id: flight-returning-hp-flight]
2020-04-29 21:04:580 INFO  FlightSearchPage :76 - Click on travellers field [[ChromeDriver: chrome on WINDOWS (42f608d6bb46feae3d4a22aa19da0d80)] -> xpath: //div[@id='traveler-selector-hp-flight']//li/button]
2020-04-29 21:04:903 INFO  FlightSearchPage :82 - Add adult traveller: [[ChromeDriver: chrome on WINDOWS (42f608d6bb46feae3d4a22aa19da0d80)] -> xpath: //*[@id='traveler-selector-hp-flight']/div/ul/li/div/div/div/div/div[4]/button[1]/span[1]//*[local-name()='svg']]
2020-04-29 21:04:271 INFO  FlightSearchPage :88 - Click on add children travellers: [[ChromeDriver: chrome on WINDOWS (42f608d6bb46feae3d4a22aa19da0d80)] -> xpath: //fieldset//div[2]//div[1]//div[4]//button[1]//span[1]//*[local-name()='svg']]
2020-04-29 21:04:534 INFO  FlightSearchPage :94 - Select childrens age: [[ChromeDriver: chrome on WINDOWS (42f608d6bb46feae3d4a22aa19da0d80)] -> css selector: select[class$='gcw-child-age-1-1-sa']]
2020-04-29 21:04:658 INFO  FlightSearchPage :101 -  Click on search button Proxy element for: DefaultElementLocator 'By.xpath: //form[@id='gcw-flights-form-hp-flight']//div//label//button'
2020-04-29 21:04:411 INFO  BrowserSelector :21 - Chrome Browser Selected
2020-04-29 21:04:500 INFO  HomePage :33 -  Click on flight tab: [[ChromeDriver: chrome on WINDOWS (ab9d962180cbd00422e18a1608268fdb)] -> id: tab-flight-tab-hp]
2020-04-29 21:04:91 INFO  FlightSearchPage :48 -  Enter flying from: London (LON-All Airports) in the flying from field [[ChromeDriver: chrome on WINDOWS (ab9d962180cbd00422e18a1608268fdb)] -> id: flight-origin-hp-flight]
2020-04-29 21:04:843 INFO  FlightSearchPage :54 -  Enter going to: Cape Town (CPT-Cape Town Intl.) in the going to field [[ChromeDriver: chrome on WINDOWS (ab9d962180cbd00422e18a1608268fdb)] -> id: flight-destination-hp-flight]
2020-04-29 21:04:557 INFO  FlightSearchPage :60 -  Enter departure date: 11/01/2021 in the departure field [[ChromeDriver: chrome on WINDOWS (ab9d962180cbd00422e18a1608268fdb)] -> id: flight-departing-hp-flight]
2020-04-29 21:04:393 INFO  FlightSearchPage :70 -  Enter returning date 21/02/2021 in the returning date field [[ChromeDriver: chrome on WINDOWS (ab9d962180cbd00422e18a1608268fdb)] -> id: flight-returning-hp-flight]
2020-04-29 21:04:703 INFO  FlightSearchPage :76 - Click on travellers field [[ChromeDriver: chrome on WINDOWS (ab9d962180cbd00422e18a1608268fdb)] -> xpath: //div[@id='traveler-selector-hp-flight']//li/button]
